\BOOKMARK [1][-]{section.1}{Point de vue g\351om\351trique en statistique}{}% 1
\BOOKMARK [2][-]{subsection.1.1}{G\351om\351trie de l'information}{section.1}% 2
\BOOKMARK [2][-]{subsection.1.2}{Algorithme de descente de gradient naturel}{section.1}% 3
\BOOKMARK [1][-]{section.2}{R\351seau de neurones}{}% 4
\BOOKMARK [2][-]{subsection.2.1}{Pr\351sentation}{section.2}% 5
\BOOKMARK [2][-]{subsection.2.2}{Neurones binaires et algorithme du "perceptron convergence procedure"}{section.2}% 6
\BOOKMARK [2][-]{subsection.2.3}{Neurones lin\351aires ou filtres lin\351aires}{section.2}% 7
\BOOKMARK [3][-]{subsubsection.2.3.1}{La surface d'erreur du neurone lin\351aire}{subsection.2.3}% 8
\BOOKMARK [3][-]{subsubsection.2.3.2}{Pourquoi plusieurs couches?}{subsection.2.3}% 9
\BOOKMARK [3][-]{subsubsection.2.3.3}{Exp\351riences autour du Xor}{subsection.2.3}% 10
\BOOKMARK [2][-]{subsection.2.4}{Neurones logistiques}{section.2}% 11
\BOOKMARK [2][-]{subsection.2.5}{Algorithme de r\351tropropagation}{section.2}% 12
\BOOKMARK [2][-]{subsection.2.6}{}{section.2}% 13
\BOOKMARK [2][-]{subsection.2.7}{Point de vue g\351om\351trique}{section.2}% 14
\BOOKMARK [2][-]{subsection.2.8}{Machines de Boltzmann}{section.2}% 15
\BOOKMARK [3][-]{subsubsection.2.8.1}{Introduction}{subsection.2.8}% 16
\BOOKMARK [3][-]{subsubsection.2.8.2}{Dynamique stochastique d'une machine de Boltzmann}{subsection.2.8}% 17
\BOOKMARK [3][-]{subsubsection.2.8.3}{Learning dans les machines de Boltzmann}{subsection.2.8}% 18
\BOOKMARK [2][-]{subsection.2.9}{Restricted Boltzmann machines}{section.2}% 19
\BOOKMARK [3][-]{subsubsection.2.9.1}{Introduction}{subsection.2.9}% 20
\BOOKMARK [3][-]{subsubsection.2.9.2}{Deep Learning \340 l'aide de RBM}{subsection.2.9}% 21
\BOOKMARK [3][-]{subsubsection.2.9.3}{Pr\351cisions sur l'algorithme de Contrastive divergence \(not\351 CD-1\)}{subsection.2.9}% 22
\BOOKMARK [2][-]{subsection.2.10}{Deep Belief Networks}{section.2}% 23
\BOOKMARK [2][-]{subsection.2.11}{Multilayer Neural Network}{section.2}% 24
\BOOKMARK [2][-]{subsection.2.12}{Cas du perceptron}{section.2}% 25
\BOOKMARK [1][-]{section.3}{Application \340 la reconnaissance de caract\350res manuscrits}{}% 26
\BOOKMARK [2][-]{subsection.3.1}{Rappel sur les ondelettes}{section.3}% 27
\BOOKMARK [2][-]{subsection.3.2}{Description de l'algorithme}{section.3}% 28
\BOOKMARK [1][-]{section.4}{Deep Learning vs Support Vector Machine}{}% 29
\BOOKMARK [1][-]{section.5}{Appendice}{}% 30
\BOOKMARK [2][-]{subsection.5.1}{G\351om\351trie diff\351rentielle}{section.5}% 31
